<?xml version="1.0" encoding="UTF-8"?>
<robot generator="Robot 6.1.1 (Python 3.12.1 on win32)" generated="20240119 08:36:18.296" rpa="false" schemaversion="4">
<suite id="s1" name="First Test Suite!" source="C:\Users\ztripic\Documents\vsc_workspace\robot_framework_test\tests\smoke_tests\TestSuite01.robot">
<kw name="Test Suite Setup" library="keywords01" type="SETUP">
<kw name="Log" library="BuiltIn">
<arg>Setting everything up for test suite!</arg>
<doc>Logs the given message with the given level.</doc>
<msg timestamp="20240119 08:36:18.351" level="INFO">Setting everything up for test suite!</msg>
<status status="PASS" starttime="20240119 08:36:18.351" endtime="20240119 08:36:18.351"/>
</kw>
<status status="PASS" starttime="20240119 08:36:18.351" endtime="20240119 08:36:18.352"/>
</kw>
<test id="s1-t1" name="TestCase01" line="32">
<kw name="Test Case Setup" library="keywords01" type="SETUP">
<kw name="Log" library="BuiltIn">
<arg>Setting everything up for test case!</arg>
<doc>Logs the given message with the given level.</doc>
<msg timestamp="20240119 08:36:18.353" level="INFO">Setting everything up for test case!</msg>
<status status="PASS" starttime="20240119 08:36:18.352" endtime="20240119 08:36:18.353"/>
</kw>
<status status="PASS" starttime="20240119 08:36:18.352" endtime="20240119 08:36:18.353"/>
</kw>
<kw name="Prepare List" library="keywords01">
<var>@{list}</var>
<arg>apple</arg>
<arg>bannana</arg>
<arg>pear</arg>
<arg>grapes</arg>
<doc>Creates new list and inserts specified elements!</doc>
<kw name="Create List" library="BuiltIn">
<var>@{list}</var>
<arg>@{items}</arg>
<doc>Returns a list containing given items.</doc>
<msg timestamp="20240119 08:36:18.354" level="INFO">@{list} = [ apple | bannana | pear | grapes ]</msg>
<status status="PASS" starttime="20240119 08:36:18.353" endtime="20240119 08:36:18.354"/>
</kw>
<return>
<value>${list}</value>
<status status="PASS" starttime="20240119 08:36:18.354" endtime="20240119 08:36:18.354"/>
</return>
<msg timestamp="20240119 08:36:18.354" level="INFO">@{list} = [ apple | bannana | pear | grapes ]</msg>
<status status="PASS" starttime="20240119 08:36:18.353" endtime="20240119 08:36:18.354"/>
</kw>
<kw name="Append To List" library="Collections">
<arg>${list}</arg>
<arg>yoghurt</arg>
<arg>milk</arg>
<doc>Adds ``values`` to the end of ``list``.</doc>
<status status="PASS" starttime="20240119 08:36:18.354" endtime="20240119 08:36:18.354"/>
</kw>
<kw name="Containes">
<arg>${key}</arg>
<arg>@{list}</arg>
<kw name="List Should Contain Value" library="Collections">
<arg>${list}</arg>
<arg>${value}</arg>
<arg>msg=Does not contain specified value!</arg>
<doc>Fails if the ``value`` is not found from ``list``.</doc>
<status status="PASS" starttime="20240119 08:36:18.355" endtime="20240119 08:36:18.355"/>
</kw>
<status status="PASS" starttime="20240119 08:36:18.355" endtime="20240119 08:36:18.355"/>
</kw>
<kw name="Test Case Teardown" library="keywords01" type="TEARDOWN">
<kw name="Log" library="BuiltIn">
<arg>Cleaning up after test case!</arg>
<doc>Logs the given message with the given level.</doc>
<msg timestamp="20240119 08:36:18.356" level="INFO">Cleaning up after test case!</msg>
<status status="PASS" starttime="20240119 08:36:18.356" endtime="20240119 08:36:18.356"/>
</kw>
<status status="PASS" starttime="20240119 08:36:18.356" endtime="20240119 08:36:18.356"/>
</kw>
<doc>My 1st test in Robot framework!
yoghurt
*bold text*
_italic text_
Rest of documentation...</doc>
<tag>success</tag>
<status status="PASS" starttime="20240119 08:36:18.352" endtime="20240119 08:36:18.357"/>
</test>
<test id="s1-t2" name="TestCase02" line="46">
<kw name="Default Setup" library="keywords01" type="SETUP">
<kw name="Log" library="BuiltIn">
<arg>Setting everything up!</arg>
<doc>Logs the given message with the given level.</doc>
<msg timestamp="20240119 08:36:18.359" level="INFO">Setting everything up!</msg>
<status status="PASS" starttime="20240119 08:36:18.359" endtime="20240119 08:36:18.359"/>
</kw>
<status status="PASS" starttime="20240119 08:36:18.358" endtime="20240119 08:36:18.359"/>
</kw>
<kw name="Prepare List" library="keywords01">
<var>@{list}</var>
<arg>apple</arg>
<arg>bannana</arg>
<arg>pear</arg>
<arg>grapes</arg>
<doc>Creates new list and inserts specified elements!</doc>
<kw name="Create List" library="BuiltIn">
<var>@{list}</var>
<arg>@{items}</arg>
<doc>Returns a list containing given items.</doc>
<msg timestamp="20240119 08:36:18.359" level="INFO">@{list} = [ apple | bannana | pear | grapes ]</msg>
<status status="PASS" starttime="20240119 08:36:18.359" endtime="20240119 08:36:18.359"/>
</kw>
<return>
<value>${list}</value>
<status status="PASS" starttime="20240119 08:36:18.359" endtime="20240119 08:36:18.360"/>
</return>
<msg timestamp="20240119 08:36:18.360" level="INFO">@{list} = [ apple | bannana | pear | grapes ]</msg>
<status status="PASS" starttime="20240119 08:36:18.359" endtime="20240119 08:36:18.360"/>
</kw>
<kw name="Append To List" library="Collections">
<arg>${list}</arg>
<arg>yoghurt</arg>
<arg>milk</arg>
<doc>Adds ``values`` to the end of ``list``.</doc>
<status status="PASS" starttime="20240119 08:36:18.360" endtime="20240119 08:36:18.360"/>
</kw>
<kw name="Containes">
<arg>key</arg>
<arg>@{list}</arg>
<kw name="List Should Contain Value" library="Collections">
<arg>${list}</arg>
<arg>${value}</arg>
<arg>msg=Does not contain specified value!</arg>
<doc>Fails if the ``value`` is not found from ``list``.</doc>
<msg timestamp="20240119 08:36:18.361" level="FAIL">Does not contain specified value!</msg>
<status status="FAIL" starttime="20240119 08:36:18.361" endtime="20240119 08:36:18.361"/>
</kw>
<status status="FAIL" starttime="20240119 08:36:18.361" endtime="20240119 08:36:18.361"/>
</kw>
<kw name="Default Teardown" library="keywords01" type="TEARDOWN">
<kw name="Log" library="BuiltIn">
<arg>Cleaning up!</arg>
<doc>Logs the given message with the given level.</doc>
<msg timestamp="20240119 08:36:18.362" level="INFO">Cleaning up!</msg>
<status status="PASS" starttime="20240119 08:36:18.362" endtime="20240119 08:36:18.362"/>
</kw>
<status status="PASS" starttime="20240119 08:36:18.362" endtime="20240119 08:36:18.362"/>
</kw>
<doc>My 2nd test in Robot framework!
Rest of documentation...</doc>
<tag>fail</tag>
<status status="FAIL" starttime="20240119 08:36:18.358" endtime="20240119 08:36:18.362">Does not contain specified value!</status>
</test>
<test id="s1-t3" name="TestCase03" line="55">
<kw name="Default Setup" library="keywords01" type="SETUP">
<kw name="Log" library="BuiltIn">
<arg>Setting everything up!</arg>
<doc>Logs the given message with the given level.</doc>
<msg timestamp="20240119 08:36:18.364" level="INFO">Setting everything up!</msg>
<status status="PASS" starttime="20240119 08:36:18.364" endtime="20240119 08:36:18.364"/>
</kw>
<status status="PASS" starttime="20240119 08:36:18.364" endtime="20240119 08:36:18.365"/>
</kw>
<kw name="Prepare List" library="keywords01">
<var>@{list}</var>
<arg>apple</arg>
<arg>bannana</arg>
<arg>pear</arg>
<arg>grapes</arg>
<arg>milk</arg>
<arg>milk</arg>
<doc>Creates new list and inserts specified elements!</doc>
<kw name="Create List" library="BuiltIn">
<var>@{list}</var>
<arg>@{items}</arg>
<doc>Returns a list containing given items.</doc>
<msg timestamp="20240119 08:36:18.365" level="INFO">@{list} = [ apple | bannana | pear | grapes | milk | milk ]</msg>
<status status="PASS" starttime="20240119 08:36:18.365" endtime="20240119 08:36:18.365"/>
</kw>
<return>
<value>${list}</value>
<status status="PASS" starttime="20240119 08:36:18.365" endtime="20240119 08:36:18.365"/>
</return>
<msg timestamp="20240119 08:36:18.366" level="INFO">@{list} = [ apple | bannana | pear | grapes | milk | milk ]</msg>
<status status="PASS" starttime="20240119 08:36:18.365" endtime="20240119 08:36:18.366"/>
</kw>
<kw name="Occurances">
<arg>milk</arg>
<arg>2</arg>
<arg>@{list}</arg>
<kw name="Count Values In List" library="Collections">
<var>${count}</var>
<arg>${list}</arg>
<arg>${value}</arg>
<doc>Returns the number of occurrences of the given ``value`` in ``list``.</doc>
<msg timestamp="20240119 08:36:18.366" level="INFO">${count} = 2</msg>
<status status="PASS" starttime="20240119 08:36:18.366" endtime="20240119 08:36:18.366"/>
</kw>
<kw name="Run Keyword If" library="BuiltIn">
<arg>${count} == ${expected}</arg>
<arg>Log</arg>
<arg>Found expected number of ocurances!</arg>
<arg>ELSE IF</arg>
<arg>${count} &lt; ${expected}</arg>
<arg>Log</arg>
<arg>Found less than expected occurances!</arg>
<arg>ELSE</arg>
<arg>Log</arg>
<arg>Found more than expected occurances!</arg>
<doc>Runs the given keyword with the given arguments, if ``condition`` is true.</doc>
<kw name="Log" library="BuiltIn">
<arg>Found expected number of ocurances!</arg>
<doc>Logs the given message with the given level.</doc>
<msg timestamp="20240119 08:36:18.367" level="INFO">Found expected number of ocurances!</msg>
<status status="PASS" starttime="20240119 08:36:18.367" endtime="20240119 08:36:18.367"/>
</kw>
<status status="PASS" starttime="20240119 08:36:18.367" endtime="20240119 08:36:18.367"/>
</kw>
<status status="PASS" starttime="20240119 08:36:18.366" endtime="20240119 08:36:18.367"/>
</kw>
<kw name="Occurances">
<arg>milk</arg>
<arg>1</arg>
<arg>@{list}</arg>
<kw name="Count Values In List" library="Collections">
<var>${count}</var>
<arg>${list}</arg>
<arg>${value}</arg>
<doc>Returns the number of occurrences of the given ``value`` in ``list``.</doc>
<msg timestamp="20240119 08:36:18.368" level="INFO">${count} = 2</msg>
<status status="PASS" starttime="20240119 08:36:18.368" endtime="20240119 08:36:18.368"/>
</kw>
<kw name="Run Keyword If" library="BuiltIn">
<arg>${count} == ${expected}</arg>
<arg>Log</arg>
<arg>Found expected number of ocurances!</arg>
<arg>ELSE IF</arg>
<arg>${count} &lt; ${expected}</arg>
<arg>Log</arg>
<arg>Found less than expected occurances!</arg>
<arg>ELSE</arg>
<arg>Log</arg>
<arg>Found more than expected occurances!</arg>
<doc>Runs the given keyword with the given arguments, if ``condition`` is true.</doc>
<kw name="Log" library="BuiltIn">
<arg>Found more than expected occurances!</arg>
<doc>Logs the given message with the given level.</doc>
<msg timestamp="20240119 08:36:18.369" level="INFO">Found more than expected occurances!</msg>
<status status="PASS" starttime="20240119 08:36:18.369" endtime="20240119 08:36:18.369"/>
</kw>
<status status="PASS" starttime="20240119 08:36:18.368" endtime="20240119 08:36:18.369"/>
</kw>
<status status="PASS" starttime="20240119 08:36:18.368" endtime="20240119 08:36:18.369"/>
</kw>
<kw name="Occurances">
<arg>milk</arg>
<arg>3</arg>
<arg>@{list}</arg>
<kw name="Count Values In List" library="Collections">
<var>${count}</var>
<arg>${list}</arg>
<arg>${value}</arg>
<doc>Returns the number of occurrences of the given ``value`` in ``list``.</doc>
<msg timestamp="20240119 08:36:18.370" level="INFO">${count} = 2</msg>
<status status="PASS" starttime="20240119 08:36:18.369" endtime="20240119 08:36:18.370"/>
</kw>
<kw name="Run Keyword If" library="BuiltIn">
<arg>${count} == ${expected}</arg>
<arg>Log</arg>
<arg>Found expected number of ocurances!</arg>
<arg>ELSE IF</arg>
<arg>${count} &lt; ${expected}</arg>
<arg>Log</arg>
<arg>Found less than expected occurances!</arg>
<arg>ELSE</arg>
<arg>Log</arg>
<arg>Found more than expected occurances!</arg>
<doc>Runs the given keyword with the given arguments, if ``condition`` is true.</doc>
<kw name="Log" library="BuiltIn">
<arg>Found less than expected occurances!</arg>
<doc>Logs the given message with the given level.</doc>
<msg timestamp="20240119 08:36:18.370" level="INFO">Found less than expected occurances!</msg>
<status status="PASS" starttime="20240119 08:36:18.370" endtime="20240119 08:36:18.370"/>
</kw>
<status status="PASS" starttime="20240119 08:36:18.370" endtime="20240119 08:36:18.370"/>
</kw>
<status status="PASS" starttime="20240119 08:36:18.369" endtime="20240119 08:36:18.370"/>
</kw>
<kw name="Default Teardown" library="keywords01" type="TEARDOWN">
<kw name="Log" library="BuiltIn">
<arg>Cleaning up!</arg>
<doc>Logs the given message with the given level.</doc>
<msg timestamp="20240119 08:36:18.371" level="INFO">Cleaning up!</msg>
<status status="PASS" starttime="20240119 08:36:18.371" endtime="20240119 08:36:18.371"/>
</kw>
<status status="PASS" starttime="20240119 08:36:18.371" endtime="20240119 08:36:18.371"/>
</kw>
<doc>My 3rd test in Robot framework!
Rest of documentation...</doc>
<tag>fail</tag>
<status status="PASS" starttime="20240119 08:36:18.364" endtime="20240119 08:36:18.371"/>
</test>
<test id="s1-t4" name="TestCase04" line="65">
<kw name="Default Setup" library="keywords01" type="SETUP">
<kw name="Log" library="BuiltIn">
<arg>Setting everything up!</arg>
<doc>Logs the given message with the given level.</doc>
<msg timestamp="20240119 08:36:18.373" level="INFO">Setting everything up!</msg>
<status status="PASS" starttime="20240119 08:36:18.373" endtime="20240119 08:36:18.373"/>
</kw>
<status status="PASS" starttime="20240119 08:36:18.373" endtime="20240119 08:36:18.373"/>
</kw>
<kw name="Keyword01">
<arg>a</arg>
<arg>b</arg>
<kw name="Log" library="BuiltIn">
<arg>1st argument: ${arg1}</arg>
<doc>Logs the given message with the given level.</doc>
<msg timestamp="20240119 08:36:18.374" level="INFO">1st argument: a</msg>
<status status="PASS" starttime="20240119 08:36:18.374" endtime="20240119 08:36:18.374"/>
</kw>
<kw name="Log" library="BuiltIn">
<arg>2nd argument: ${arg2}</arg>
<doc>Logs the given message with the given level.</doc>
<msg timestamp="20240119 08:36:18.374" level="INFO">2nd argument: b</msg>
<status status="PASS" starttime="20240119 08:36:18.374" endtime="20240119 08:36:18.374"/>
</kw>
<status status="PASS" starttime="20240119 08:36:18.373" endtime="20240119 08:36:18.374"/>
</kw>
<kw name="Keyword02">
<arg>c</arg>
<arg>d</arg>
<kw name="Log" library="BuiltIn">
<arg>1st argument: ${arg1}</arg>
<doc>Logs the given message with the given level.</doc>
<msg timestamp="20240119 08:36:18.375" level="INFO">1st argument: c</msg>
<status status="PASS" starttime="20240119 08:36:18.375" endtime="20240119 08:36:18.375"/>
</kw>
<kw name="Log" library="BuiltIn">
<arg>2nd argument: ${arg2}</arg>
<doc>Logs the given message with the given level.</doc>
<msg timestamp="20240119 08:36:18.375" level="INFO">2nd argument: d</msg>
<status status="PASS" starttime="20240119 08:36:18.375" endtime="20240119 08:36:18.375"/>
</kw>
<status status="PASS" starttime="20240119 08:36:18.374" endtime="20240119 08:36:18.375"/>
</kw>
<kw name="Keyword02">
<arg>f</arg>
<kw name="Log" library="BuiltIn">
<arg>1st argument: ${arg1}</arg>
<doc>Logs the given message with the given level.</doc>
<msg timestamp="20240119 08:36:18.376" level="INFO">1st argument: f</msg>
<status status="PASS" starttime="20240119 08:36:18.376" endtime="20240119 08:36:18.376"/>
</kw>
<kw name="Log" library="BuiltIn">
<arg>2nd argument: ${arg2}</arg>
<doc>Logs the given message with the given level.</doc>
<msg timestamp="20240119 08:36:18.376" level="INFO">2nd argument: default value</msg>
<status status="PASS" starttime="20240119 08:36:18.376" endtime="20240119 08:36:18.376"/>
</kw>
<status status="PASS" starttime="20240119 08:36:18.376" endtime="20240119 08:36:18.376"/>
</kw>
<kw name="Keyword03">
<arg>1st</arg>
<arg>2nd</arg>
<arg>3rd</arg>
<arg>4th</arg>
<kw name="Log" library="BuiltIn">
<arg>1st argument: ${arg1}</arg>
<doc>Logs the given message with the given level.</doc>
<msg timestamp="20240119 08:36:18.377" level="INFO">1st argument: 1st</msg>
<status status="PASS" starttime="20240119 08:36:18.377" endtime="20240119 08:36:18.377"/>
</kw>
<kw name="Log" library="BuiltIn">
<arg>2nd argument: ${arg2}</arg>
<doc>Logs the given message with the given level.</doc>
<msg timestamp="20240119 08:36:18.377" level="INFO">2nd argument: 2nd</msg>
<status status="PASS" starttime="20240119 08:36:18.377" endtime="20240119 08:36:18.377"/>
</kw>
<kw name="Log List" library="Collections">
<arg>${vararg}</arg>
<doc>Logs the length and contents of the ``list`` using given ``level``.</doc>
<msg timestamp="20240119 08:36:18.378" level="INFO">List length is 2 and it contains following items:
0: 3rd
1: 4th</msg>
<status status="PASS" starttime="20240119 08:36:18.377" endtime="20240119 08:36:18.378"/>
</kw>
<status status="PASS" starttime="20240119 08:36:18.377" endtime="20240119 08:36:18.378"/>
</kw>
<kw name="Keyword03">
<arg>1st</arg>
<arg>2nd</arg>
<arg>3rd</arg>
<kw name="Log" library="BuiltIn">
<arg>1st argument: ${arg1}</arg>
<doc>Logs the given message with the given level.</doc>
<msg timestamp="20240119 08:36:18.378" level="INFO">1st argument: 1st</msg>
<status status="PASS" starttime="20240119 08:36:18.378" endtime="20240119 08:36:18.378"/>
</kw>
<kw name="Log" library="BuiltIn">
<arg>2nd argument: ${arg2}</arg>
<doc>Logs the given message with the given level.</doc>
<msg timestamp="20240119 08:36:18.379" level="INFO">2nd argument: 2nd</msg>
<status status="PASS" starttime="20240119 08:36:18.378" endtime="20240119 08:36:18.379"/>
</kw>
<kw name="Log List" library="Collections">
<arg>${vararg}</arg>
<doc>Logs the length and contents of the ``list`` using given ``level``.</doc>
<msg timestamp="20240119 08:36:18.379" level="INFO">List has one item:
3rd</msg>
<status status="PASS" starttime="20240119 08:36:18.379" endtime="20240119 08:36:18.379"/>
</kw>
<status status="PASS" starttime="20240119 08:36:18.378" endtime="20240119 08:36:18.379"/>
</kw>
<kw name="Keyword03">
<arg>1st</arg>
<arg>2nd</arg>
<kw name="Log" library="BuiltIn">
<arg>1st argument: ${arg1}</arg>
<doc>Logs the given message with the given level.</doc>
<msg timestamp="20240119 08:36:18.380" level="INFO">1st argument: 1st</msg>
<status status="PASS" starttime="20240119 08:36:18.379" endtime="20240119 08:36:18.380"/>
</kw>
<kw name="Log" library="BuiltIn">
<arg>2nd argument: ${arg2}</arg>
<doc>Logs the given message with the given level.</doc>
<msg timestamp="20240119 08:36:18.380" level="INFO">2nd argument: 2nd</msg>
<status status="PASS" starttime="20240119 08:36:18.380" endtime="20240119 08:36:18.380"/>
</kw>
<kw name="Log List" library="Collections">
<arg>${vararg}</arg>
<doc>Logs the length and contents of the ``list`` using given ``level``.</doc>
<msg timestamp="20240119 08:36:18.380" level="INFO">List is empty.</msg>
<status status="PASS" starttime="20240119 08:36:18.380" endtime="20240119 08:36:18.380"/>
</kw>
<status status="PASS" starttime="20240119 08:36:18.379" endtime="20240119 08:36:18.380"/>
</kw>
<kw name="Keyword03">
<arg>1st</arg>
<kw name="Log" library="BuiltIn">
<arg>1st argument: ${arg1}</arg>
<doc>Logs the given message with the given level.</doc>
<msg timestamp="20240119 08:36:18.381" level="INFO">1st argument: 1st</msg>
<status status="PASS" starttime="20240119 08:36:18.381" endtime="20240119 08:36:18.381"/>
</kw>
<kw name="Log" library="BuiltIn">
<arg>2nd argument: ${arg2}</arg>
<doc>Logs the given message with the given level.</doc>
<msg timestamp="20240119 08:36:18.381" level="INFO">2nd argument: default value</msg>
<status status="PASS" starttime="20240119 08:36:18.381" endtime="20240119 08:36:18.381"/>
</kw>
<kw name="Log List" library="Collections">
<arg>${vararg}</arg>
<doc>Logs the length and contents of the ``list`` using given ``level``.</doc>
<msg timestamp="20240119 08:36:18.381" level="INFO">List is empty.</msg>
<status status="PASS" starttime="20240119 08:36:18.381" endtime="20240119 08:36:18.381"/>
</kw>
<status status="PASS" starttime="20240119 08:36:18.381" endtime="20240119 08:36:18.381"/>
</kw>
<kw name="Keyword04">
<arg>first</arg>
<arg>arg3=third</arg>
<kw name="Log" library="BuiltIn">
<arg>1st argument: ${arg1}</arg>
<doc>Logs the given message with the given level.</doc>
<msg timestamp="20240119 08:36:18.382" level="INFO">1st argument: first</msg>
<status status="PASS" starttime="20240119 08:36:18.382" endtime="20240119 08:36:18.382"/>
</kw>
<kw name="Log" library="BuiltIn">
<arg>2nd argument: ${arg2}</arg>
<doc>Logs the given message with the given level.</doc>
<msg timestamp="20240119 08:36:18.382" level="INFO">2nd argument: default arg2</msg>
<status status="PASS" starttime="20240119 08:36:18.382" endtime="20240119 08:36:18.382"/>
</kw>
<kw name="Log" library="BuiltIn">
<arg>2nd argument: ${arg3}</arg>
<doc>Logs the given message with the given level.</doc>
<msg timestamp="20240119 08:36:18.383" level="INFO">2nd argument: third</msg>
<status status="PASS" starttime="20240119 08:36:18.382" endtime="20240119 08:36:18.383"/>
</kw>
<status status="PASS" starttime="20240119 08:36:18.382" endtime="20240119 08:36:18.383"/>
</kw>
<kw name="Set Variable" library="BuiltIn">
<var>${value}</var>
<arg>VARIABLE</arg>
<doc>Returns the given values which can then be assigned to a variables.</doc>
<msg timestamp="20240119 08:36:18.383" level="INFO">${value} = VARIABLE</msg>
<status status="PASS" starttime="20240119 08:36:18.383" endtime="20240119 08:36:18.383"/>
</kw>
<kw name="Set Variable" library="BuiltIn">
<var>${name}</var>
<arg>arg3</arg>
<doc>Returns the given values which can then be assigned to a variables.</doc>
<msg timestamp="20240119 08:36:18.384" level="INFO">${name} = arg3</msg>
<status status="PASS" starttime="20240119 08:36:18.384" endtime="20240119 08:36:18.384"/>
</kw>
<kw name="Keyword04">
<arg>first</arg>
<arg>${name}=${value}</arg>
<kw name="Log" library="BuiltIn">
<arg>1st argument: ${arg1}</arg>
<doc>Logs the given message with the given level.</doc>
<msg timestamp="20240119 08:36:18.385" level="INFO">1st argument: first</msg>
<status status="PASS" starttime="20240119 08:36:18.385" endtime="20240119 08:36:18.385"/>
</kw>
<kw name="Log" library="BuiltIn">
<arg>2nd argument: ${arg2}</arg>
<doc>Logs the given message with the given level.</doc>
<msg timestamp="20240119 08:36:18.385" level="INFO">2nd argument: default arg2</msg>
<status status="PASS" starttime="20240119 08:36:18.385" endtime="20240119 08:36:18.385"/>
</kw>
<kw name="Log" library="BuiltIn">
<arg>2nd argument: ${arg3}</arg>
<doc>Logs the given message with the given level.</doc>
<msg timestamp="20240119 08:36:18.385" level="INFO">2nd argument: VARIABLE</msg>
<status status="PASS" starttime="20240119 08:36:18.385" endtime="20240119 08:36:18.385"/>
</kw>
<status status="PASS" starttime="20240119 08:36:18.384" endtime="20240119 08:36:18.385"/>
</kw>
<kw name="Keyword04">
<arg>first</arg>
<arg>${name}=value</arg>
<kw name="Log" library="BuiltIn">
<arg>1st argument: ${arg1}</arg>
<doc>Logs the given message with the given level.</doc>
<msg timestamp="20240119 08:36:18.386" level="INFO">1st argument: first</msg>
<status status="PASS" starttime="20240119 08:36:18.386" endtime="20240119 08:36:18.386"/>
</kw>
<kw name="Log" library="BuiltIn">
<arg>2nd argument: ${arg2}</arg>
<doc>Logs the given message with the given level.</doc>
<msg timestamp="20240119 08:36:18.386" level="INFO">2nd argument: default arg2</msg>
<status status="PASS" starttime="20240119 08:36:18.386" endtime="20240119 08:36:18.386"/>
</kw>
<kw name="Log" library="BuiltIn">
<arg>2nd argument: ${arg3}</arg>
<doc>Logs the given message with the given level.</doc>
<msg timestamp="20240119 08:36:18.386" level="INFO">2nd argument: value</msg>
<status status="PASS" starttime="20240119 08:36:18.386" endtime="20240119 08:36:18.386"/>
</kw>
<status status="PASS" starttime="20240119 08:36:18.386" endtime="20240119 08:36:18.386"/>
</kw>
<kw name="Keyword04">
<arg>first</arg>
<arg>name=${value}</arg>
<kw name="Log" library="BuiltIn">
<arg>1st argument: ${arg1}</arg>
<doc>Logs the given message with the given level.</doc>
<msg timestamp="20240119 08:36:18.387" level="INFO">1st argument: first</msg>
<status status="PASS" starttime="20240119 08:36:18.387" endtime="20240119 08:36:18.387"/>
</kw>
<kw name="Log" library="BuiltIn">
<arg>2nd argument: ${arg2}</arg>
<doc>Logs the given message with the given level.</doc>
<msg timestamp="20240119 08:36:18.387" level="INFO">2nd argument: name=VARIABLE</msg>
<status status="PASS" starttime="20240119 08:36:18.387" endtime="20240119 08:36:18.388"/>
</kw>
<kw name="Log" library="BuiltIn">
<arg>2nd argument: ${arg3}</arg>
<doc>Logs the given message with the given level.</doc>
<msg timestamp="20240119 08:36:18.388" level="INFO">2nd argument: default arg3</msg>
<status status="PASS" starttime="20240119 08:36:18.388" endtime="20240119 08:36:18.388"/>
</kw>
<status status="PASS" starttime="20240119 08:36:18.387" endtime="20240119 08:36:18.388"/>
</kw>
<kw name="Default Teardown" library="keywords01" type="TEARDOWN">
<kw name="Log" library="BuiltIn">
<arg>Cleaning up!</arg>
<doc>Logs the given message with the given level.</doc>
<msg timestamp="20240119 08:36:18.389" level="INFO">Cleaning up!</msg>
<status status="PASS" starttime="20240119 08:36:18.389" endtime="20240119 08:36:18.389"/>
</kw>
<status status="PASS" starttime="20240119 08:36:18.388" endtime="20240119 08:36:18.389"/>
</kw>
<tag>suite01</tag>
<status status="PASS" starttime="20240119 08:36:18.372" endtime="20240119 08:36:18.389"/>
</test>
<test id="s1-t5" name="TestCase05" line="85">
<kw name="Default Setup" library="keywords01" type="SETUP">
<kw name="Log" library="BuiltIn">
<arg>Setting everything up!</arg>
<doc>Logs the given message with the given level.</doc>
<msg timestamp="20240119 08:36:18.391" level="INFO">Setting everything up!</msg>
<status status="PASS" starttime="20240119 08:36:18.391" endtime="20240119 08:36:18.391"/>
</kw>
<status status="PASS" starttime="20240119 08:36:18.390" endtime="20240119 08:36:18.391"/>
</kw>
<kw name="Prepare List" library="keywords01">
<var>@{list}</var>
<arg>apple</arg>
<arg>bannana</arg>
<arg>pear</arg>
<arg>grapes</arg>
<arg>milk</arg>
<arg>milk</arg>
<doc>Creates new list and inserts specified elements!</doc>
<kw name="Create List" library="BuiltIn">
<var>@{list}</var>
<arg>@{items}</arg>
<doc>Returns a list containing given items.</doc>
<msg timestamp="20240119 08:36:18.392" level="INFO">@{list} = [ apple | bannana | pear | grapes | milk | milk ]</msg>
<status status="PASS" starttime="20240119 08:36:18.392" endtime="20240119 08:36:18.392"/>
</kw>
<return>
<value>${list}</value>
<status status="PASS" starttime="20240119 08:36:18.392" endtime="20240119 08:36:18.392"/>
</return>
<msg timestamp="20240119 08:36:18.392" level="INFO">@{list} = [ apple | bannana | pear | grapes | milk | milk ]</msg>
<status status="PASS" starttime="20240119 08:36:18.392" endtime="20240119 08:36:18.392"/>
</kw>
<for flavor="IN">
<var>${var}</var>
<value>@{list}</value>
<iter>
<var name="${var}">apple</var>
<kw name="Log" library="BuiltIn">
<arg>${var}</arg>
<doc>Logs the given message with the given level.</doc>
<msg timestamp="20240119 08:36:18.393" level="INFO">apple</msg>
<status status="PASS" starttime="20240119 08:36:18.393" endtime="20240119 08:36:18.393"/>
</kw>
<status status="PASS" starttime="20240119 08:36:18.393" endtime="20240119 08:36:18.393"/>
</iter>
<iter>
<var name="${var}">bannana</var>
<kw name="Log" library="BuiltIn">
<arg>${var}</arg>
<doc>Logs the given message with the given level.</doc>
<msg timestamp="20240119 08:36:18.393" level="INFO">bannana</msg>
<status status="PASS" starttime="20240119 08:36:18.393" endtime="20240119 08:36:18.393"/>
</kw>
<status status="PASS" starttime="20240119 08:36:18.393" endtime="20240119 08:36:18.393"/>
</iter>
<iter>
<var name="${var}">pear</var>
<kw name="Log" library="BuiltIn">
<arg>${var}</arg>
<doc>Logs the given message with the given level.</doc>
<msg timestamp="20240119 08:36:18.394" level="INFO">pear</msg>
<status status="PASS" starttime="20240119 08:36:18.394" endtime="20240119 08:36:18.394"/>
</kw>
<status status="PASS" starttime="20240119 08:36:18.394" endtime="20240119 08:36:18.394"/>
</iter>
<iter>
<var name="${var}">grapes</var>
<kw name="Log" library="BuiltIn">
<arg>${var}</arg>
<doc>Logs the given message with the given level.</doc>
<msg timestamp="20240119 08:36:18.394" level="INFO">grapes</msg>
<status status="PASS" starttime="20240119 08:36:18.394" endtime="20240119 08:36:18.394"/>
</kw>
<status status="PASS" starttime="20240119 08:36:18.394" endtime="20240119 08:36:18.394"/>
</iter>
<iter>
<var name="${var}">milk</var>
<kw name="Log" library="BuiltIn">
<arg>${var}</arg>
<doc>Logs the given message with the given level.</doc>
<msg timestamp="20240119 08:36:18.394" level="INFO">milk</msg>
<status status="PASS" starttime="20240119 08:36:18.394" endtime="20240119 08:36:18.394"/>
</kw>
<status status="PASS" starttime="20240119 08:36:18.394" endtime="20240119 08:36:18.394"/>
</iter>
<iter>
<var name="${var}">milk</var>
<kw name="Log" library="BuiltIn">
<arg>${var}</arg>
<doc>Logs the given message with the given level.</doc>
<msg timestamp="20240119 08:36:18.395" level="INFO">milk</msg>
<status status="PASS" starttime="20240119 08:36:18.394" endtime="20240119 08:36:18.395"/>
</kw>
<status status="PASS" starttime="20240119 08:36:18.394" endtime="20240119 08:36:18.395"/>
</iter>
<status status="PASS" starttime="20240119 08:36:18.393" endtime="20240119 08:36:18.395"/>
</for>
<kw name="Default Teardown" library="keywords01" type="TEARDOWN">
<kw name="Log" library="BuiltIn">
<arg>Cleaning up!</arg>
<doc>Logs the given message with the given level.</doc>
<msg timestamp="20240119 08:36:18.395" level="INFO">Cleaning up!</msg>
<status status="PASS" starttime="20240119 08:36:18.395" endtime="20240119 08:36:18.395"/>
</kw>
<status status="PASS" starttime="20240119 08:36:18.395" endtime="20240119 08:36:18.395"/>
</kw>
<tag>suite01</tag>
<status status="PASS" starttime="20240119 08:36:18.390" endtime="20240119 08:36:18.396"/>
</test>
<test id="s1-t6" name="TestCase06" line="92">
<kw name="Default Setup" library="keywords01" type="SETUP">
<kw name="Log" library="BuiltIn">
<arg>Setting everything up!</arg>
<doc>Logs the given message with the given level.</doc>
<msg timestamp="20240119 08:36:18.398" level="INFO">Setting everything up!</msg>
<status status="PASS" starttime="20240119 08:36:18.398" endtime="20240119 08:36:18.398"/>
</kw>
<status status="PASS" starttime="20240119 08:36:18.397" endtime="20240119 08:36:18.398"/>
</kw>
<kw name="Keyword05">
<arg>1st arg</arg>
<kw name="Log" library="BuiltIn">
<arg>${arg1}</arg>
<doc>Logs the given message with the given level.</doc>
<msg timestamp="20240119 08:36:18.398" level="INFO">1st arg</msg>
<status status="PASS" starttime="20240119 08:36:18.398" endtime="20240119 08:36:18.398"/>
</kw>
<kw name="Log" library="BuiltIn">
<arg>${arg2}</arg>
<doc>Logs the given message with the given level.</doc>
<msg timestamp="20240119 08:36:18.399" level="INFO">default arg2</msg>
<status status="PASS" starttime="20240119 08:36:18.399" endtime="20240119 08:36:18.399"/>
</kw>
<kw name="Log" library="BuiltIn">
<arg>${kwargs}</arg>
<doc>Logs the given message with the given level.</doc>
<msg timestamp="20240119 08:36:18.399" level="INFO">{}</msg>
<status status="PASS" starttime="20240119 08:36:18.399" endtime="20240119 08:36:18.399"/>
</kw>
<status status="PASS" starttime="20240119 08:36:18.398" endtime="20240119 08:36:18.399"/>
</kw>
<kw name="Keyword05">
<arg>1st arg</arg>
<arg>2nd arg</arg>
<kw name="Log" library="BuiltIn">
<arg>${arg1}</arg>
<doc>Logs the given message with the given level.</doc>
<msg timestamp="20240119 08:36:18.400" level="INFO">1st arg</msg>
<status status="PASS" starttime="20240119 08:36:18.400" endtime="20240119 08:36:18.400"/>
</kw>
<kw name="Log" library="BuiltIn">
<arg>${arg2}</arg>
<doc>Logs the given message with the given level.</doc>
<msg timestamp="20240119 08:36:18.400" level="INFO">2nd arg</msg>
<status status="PASS" starttime="20240119 08:36:18.400" endtime="20240119 08:36:18.400"/>
</kw>
<kw name="Log" library="BuiltIn">
<arg>${kwargs}</arg>
<doc>Logs the given message with the given level.</doc>
<msg timestamp="20240119 08:36:18.400" level="INFO">{}</msg>
<status status="PASS" starttime="20240119 08:36:18.400" endtime="20240119 08:36:18.400"/>
</kw>
<status status="PASS" starttime="20240119 08:36:18.399" endtime="20240119 08:36:18.400"/>
</kw>
<kw name="Keyword05">
<arg>1st arg</arg>
<arg>arg2=2nd arg</arg>
<kw name="Log" library="BuiltIn">
<arg>${arg1}</arg>
<doc>Logs the given message with the given level.</doc>
<msg timestamp="20240119 08:36:18.401" level="INFO">1st arg</msg>
<status status="PASS" starttime="20240119 08:36:18.401" endtime="20240119 08:36:18.401"/>
</kw>
<kw name="Log" library="BuiltIn">
<arg>${arg2}</arg>
<doc>Logs the given message with the given level.</doc>
<msg timestamp="20240119 08:36:18.402" level="INFO">2nd arg</msg>
<status status="PASS" starttime="20240119 08:36:18.401" endtime="20240119 08:36:18.402"/>
</kw>
<kw name="Log" library="BuiltIn">
<arg>${kwargs}</arg>
<doc>Logs the given message with the given level.</doc>
<msg timestamp="20240119 08:36:18.402" level="INFO">{}</msg>
<status status="PASS" starttime="20240119 08:36:18.402" endtime="20240119 08:36:18.402"/>
</kw>
<status status="PASS" starttime="20240119 08:36:18.401" endtime="20240119 08:36:18.402"/>
</kw>
<kw name="Keyword05">
<arg>arg1=1st arg</arg>
<arg>arg2=2nd arg</arg>
<arg>arg3=3rd arg</arg>
<arg>arg4=4th args</arg>
<kw name="Log" library="BuiltIn">
<arg>${arg1}</arg>
<doc>Logs the given message with the given level.</doc>
<msg timestamp="20240119 08:36:18.403" level="INFO">1st arg</msg>
<status status="PASS" starttime="20240119 08:36:18.403" endtime="20240119 08:36:18.403"/>
</kw>
<kw name="Log" library="BuiltIn">
<arg>${arg2}</arg>
<doc>Logs the given message with the given level.</doc>
<msg timestamp="20240119 08:36:18.403" level="INFO">2nd arg</msg>
<status status="PASS" starttime="20240119 08:36:18.403" endtime="20240119 08:36:18.403"/>
</kw>
<kw name="Log" library="BuiltIn">
<arg>${kwargs}</arg>
<doc>Logs the given message with the given level.</doc>
<msg timestamp="20240119 08:36:18.403" level="INFO">{'arg3': '3rd arg', 'arg4': '4th args'}</msg>
<status status="PASS" starttime="20240119 08:36:18.403" endtime="20240119 08:36:18.403"/>
</kw>
<status status="PASS" starttime="20240119 08:36:18.402" endtime="20240119 08:36:18.403"/>
</kw>
<kw name="Default Teardown" library="keywords01" type="TEARDOWN">
<kw name="Log" library="BuiltIn">
<arg>Cleaning up!</arg>
<doc>Logs the given message with the given level.</doc>
<msg timestamp="20240119 08:36:18.404" level="INFO">Cleaning up!</msg>
<status status="PASS" starttime="20240119 08:36:18.404" endtime="20240119 08:36:18.404"/>
</kw>
<status status="PASS" starttime="20240119 08:36:18.404" endtime="20240119 08:36:18.404"/>
</kw>
<tag>suite01</tag>
<status status="PASS" starttime="20240119 08:36:18.397" endtime="20240119 08:36:18.404"/>
</test>
<test id="s1-t7" name="TestCase07" line="98">
<kw name="Default Setup" library="keywords01" type="SETUP">
<kw name="Log" library="BuiltIn">
<arg>Setting everything up!</arg>
<doc>Logs the given message with the given level.</doc>
<msg timestamp="20240119 08:36:18.406" level="INFO">Setting everything up!</msg>
<status status="PASS" starttime="20240119 08:36:18.406" endtime="20240119 08:36:18.406"/>
</kw>
<status status="PASS" starttime="20240119 08:36:18.406" endtime="20240119 08:36:18.406"/>
</kw>
<kw name="Keyword06">
<arg>1st arg</arg>
<kw name="Log" library="BuiltIn">
<arg>${arg1}</arg>
<doc>Logs the given message with the given level.</doc>
<msg timestamp="20240119 08:36:18.407" level="INFO">1st arg</msg>
<status status="PASS" starttime="20240119 08:36:18.407" endtime="20240119 08:36:18.407"/>
</kw>
<kw name="Log List" library="Collections">
<arg>${varargs}</arg>
<doc>Logs the length and contents of the ``list`` using given ``level``.</doc>
<msg timestamp="20240119 08:36:18.407" level="INFO">List is empty.</msg>
<status status="PASS" starttime="20240119 08:36:18.407" endtime="20240119 08:36:18.407"/>
</kw>
<kw name="Log" library="BuiltIn">
<arg>${kwargs}</arg>
<doc>Logs the given message with the given level.</doc>
<msg timestamp="20240119 08:36:18.407" level="INFO">{}</msg>
<status status="PASS" starttime="20240119 08:36:18.407" endtime="20240119 08:36:18.407"/>
</kw>
<status status="PASS" starttime="20240119 08:36:18.406" endtime="20240119 08:36:18.407"/>
</kw>
<kw name="Keyword05">
<arg>1st arg</arg>
<arg>optional arg1</arg>
<kw name="Log" library="BuiltIn">
<arg>${arg1}</arg>
<doc>Logs the given message with the given level.</doc>
<msg timestamp="20240119 08:36:18.408" level="INFO">1st arg</msg>
<status status="PASS" starttime="20240119 08:36:18.408" endtime="20240119 08:36:18.408"/>
</kw>
<kw name="Log" library="BuiltIn">
<arg>${arg2}</arg>
<doc>Logs the given message with the given level.</doc>
<msg timestamp="20240119 08:36:18.408" level="INFO">optional arg1</msg>
<status status="PASS" starttime="20240119 08:36:18.408" endtime="20240119 08:36:18.408"/>
</kw>
<kw name="Log" library="BuiltIn">
<arg>${kwargs}</arg>
<doc>Logs the given message with the given level.</doc>
<msg timestamp="20240119 08:36:18.408" level="INFO">{}</msg>
<status status="PASS" starttime="20240119 08:36:18.408" endtime="20240119 08:36:18.408"/>
</kw>
<status status="PASS" starttime="20240119 08:36:18.408" endtime="20240119 08:36:18.408"/>
</kw>
<kw name="Keyword05">
<arg>1st arg</arg>
<arg>optional arg1</arg>
<arg>arg3=2nd arg</arg>
<kw name="Log" library="BuiltIn">
<arg>${arg1}</arg>
<doc>Logs the given message with the given level.</doc>
<msg timestamp="20240119 08:36:18.409" level="INFO">1st arg</msg>
<status status="PASS" starttime="20240119 08:36:18.409" endtime="20240119 08:36:18.409"/>
</kw>
<kw name="Log" library="BuiltIn">
<arg>${arg2}</arg>
<doc>Logs the given message with the given level.</doc>
<msg timestamp="20240119 08:36:18.409" level="INFO">optional arg1</msg>
<status status="PASS" starttime="20240119 08:36:18.409" endtime="20240119 08:36:18.409"/>
</kw>
<kw name="Log" library="BuiltIn">
<arg>${kwargs}</arg>
<doc>Logs the given message with the given level.</doc>
<msg timestamp="20240119 08:36:18.410" level="INFO">{'arg3': '2nd arg'}</msg>
<status status="PASS" starttime="20240119 08:36:18.410" endtime="20240119 08:36:18.410"/>
</kw>
<status status="PASS" starttime="20240119 08:36:18.409" endtime="20240119 08:36:18.410"/>
</kw>
<kw name="Default Teardown" library="keywords01" type="TEARDOWN">
<kw name="Log" library="BuiltIn">
<arg>Cleaning up!</arg>
<doc>Logs the given message with the given level.</doc>
<msg timestamp="20240119 08:36:18.410" level="INFO">Cleaning up!</msg>
<status status="PASS" starttime="20240119 08:36:18.410" endtime="20240119 08:36:18.410"/>
</kw>
<status status="PASS" starttime="20240119 08:36:18.410" endtime="20240119 08:36:18.410"/>
</kw>
<tag>suite01</tag>
<status status="PASS" starttime="20240119 08:36:18.405" endtime="20240119 08:36:18.411"/>
</test>
<test id="s1-t8" name="TestCase08" line="103">
<kw name="Default Setup" library="keywords01" type="SETUP">
<kw name="Log" library="BuiltIn">
<arg>Setting everything up!</arg>
<doc>Logs the given message with the given level.</doc>
<msg timestamp="20240119 08:36:18.413" level="INFO">Setting everything up!</msg>
<status status="PASS" starttime="20240119 08:36:18.413" endtime="20240119 08:36:18.413"/>
</kw>
<status status="PASS" starttime="20240119 08:36:18.413" endtime="20240119 08:36:18.413"/>
</kw>
<kw name="Prepare List" library="keywords01">
<var>@{list}</var>
<arg>apple</arg>
<arg>bannana</arg>
<arg>pear</arg>
<arg>grapes</arg>
<doc>Creates new list and inserts specified elements!</doc>
<kw name="Create List" library="BuiltIn">
<var>@{list}</var>
<arg>@{items}</arg>
<doc>Returns a list containing given items.</doc>
<msg timestamp="20240119 08:36:18.414" level="INFO">@{list} = [ apple | bannana | pear | grapes ]</msg>
<status status="PASS" starttime="20240119 08:36:18.414" endtime="20240119 08:36:18.414"/>
</kw>
<return>
<value>${list}</value>
<status status="PASS" starttime="20240119 08:36:18.414" endtime="20240119 08:36:18.414"/>
</return>
<msg timestamp="20240119 08:36:18.414" level="INFO">@{list} = [ apple | bannana | pear | grapes ]</msg>
<status status="PASS" starttime="20240119 08:36:18.414" endtime="20240119 08:36:18.414"/>
</kw>
<kw name="Log List" library="Collections">
<arg>${list}</arg>
<doc>Logs the length and contents of the ``list`` using given ``level``.</doc>
<msg timestamp="20240119 08:36:18.415" level="INFO">List length is 4 and it contains following items:
0: apple
1: bannana
2: pear
3: grapes</msg>
<status status="PASS" starttime="20240119 08:36:18.415" endtime="20240119 08:36:18.415"/>
</kw>
<kw name="Log List" library="Collections">
<arg>@{list}</arg>
<doc>Logs the length and contents of the ``list`` using given ``level``.</doc>
<msg timestamp="20240119 08:36:18.415" level="FAIL">Keyword 'Collections.Log List' expected 1 to 2 arguments, got 4.</msg>
<status status="FAIL" starttime="20240119 08:36:18.415" endtime="20240119 08:36:18.415"/>
</kw>
<kw name="Default Teardown" library="keywords01" type="TEARDOWN">
<kw name="Log" library="BuiltIn">
<arg>Cleaning up!</arg>
<doc>Logs the given message with the given level.</doc>
<msg timestamp="20240119 08:36:18.416" level="INFO">Cleaning up!</msg>
<status status="PASS" starttime="20240119 08:36:18.416" endtime="20240119 08:36:18.416"/>
</kw>
<status status="PASS" starttime="20240119 08:36:18.416" endtime="20240119 08:36:18.416"/>
</kw>
<tag>suite01</tag>
<status status="FAIL" starttime="20240119 08:36:18.412" endtime="20240119 08:36:18.417">Keyword 'Collections.Log List' expected 1 to 2 arguments, got 4.</status>
</test>
<test id="s1-t9" name="TestCase09" line="108">
<kw name="Default Setup" library="keywords01" type="SETUP">
<kw name="Log" library="BuiltIn">
<arg>Setting everything up!</arg>
<doc>Logs the given message with the given level.</doc>
<msg timestamp="20240119 08:36:18.419" level="INFO">Setting everything up!</msg>
<status status="PASS" starttime="20240119 08:36:18.419" endtime="20240119 08:36:18.419"/>
</kw>
<status status="PASS" starttime="20240119 08:36:18.418" endtime="20240119 08:36:18.419"/>
</kw>
<kw name="Keyword09">
<arg>arg1</arg>
<kw name="Log List" library="Collections">
<arg>${varargs}</arg>
<doc>Logs the length and contents of the ``list`` using given ``level``.</doc>
<msg timestamp="20240119 08:36:18.420" level="INFO">List has one item:
arg1</msg>
<status status="PASS" starttime="20240119 08:36:18.419" endtime="20240119 08:36:18.420"/>
</kw>
<kw name="Log" library="BuiltIn">
<arg>${arg}</arg>
<doc>Logs the given message with the given level.</doc>
<msg timestamp="20240119 08:36:18.420" level="INFO">default arg value</msg>
<status status="PASS" starttime="20240119 08:36:18.420" endtime="20240119 08:36:18.420"/>
</kw>
<status status="PASS" starttime="20240119 08:36:18.419" endtime="20240119 08:36:18.420"/>
</kw>
<kw name="Keyword09">
<arg>arg1</arg>
<arg>arg2</arg>
<kw name="Log List" library="Collections">
<arg>${varargs}</arg>
<doc>Logs the length and contents of the ``list`` using given ``level``.</doc>
<msg timestamp="20240119 08:36:18.421" level="INFO">List length is 2 and it contains following items:
0: arg1
1: arg2</msg>
<status status="PASS" starttime="20240119 08:36:18.420" endtime="20240119 08:36:18.421"/>
</kw>
<kw name="Log" library="BuiltIn">
<arg>${arg}</arg>
<doc>Logs the given message with the given level.</doc>
<msg timestamp="20240119 08:36:18.421" level="INFO">default arg value</msg>
<status status="PASS" starttime="20240119 08:36:18.421" endtime="20240119 08:36:18.421"/>
</kw>
<status status="PASS" starttime="20240119 08:36:18.420" endtime="20240119 08:36:18.421"/>
</kw>
<kw name="Keyword09">
<arg>arg1</arg>
<arg>arg2</arg>
<arg>arg3</arg>
<kw name="Log List" library="Collections">
<arg>${varargs}</arg>
<doc>Logs the length and contents of the ``list`` using given ``level``.</doc>
<msg timestamp="20240119 08:36:18.422" level="INFO">List length is 3 and it contains following items:
0: arg1
1: arg2
2: arg3</msg>
<status status="PASS" starttime="20240119 08:36:18.421" endtime="20240119 08:36:18.422"/>
</kw>
<kw name="Log" library="BuiltIn">
<arg>${arg}</arg>
<doc>Logs the given message with the given level.</doc>
<msg timestamp="20240119 08:36:18.422" level="INFO">default arg value</msg>
<status status="PASS" starttime="20240119 08:36:18.422" endtime="20240119 08:36:18.422"/>
</kw>
<status status="PASS" starttime="20240119 08:36:18.421" endtime="20240119 08:36:18.422"/>
</kw>
<kw name="Keyword09">
<arg>arg1</arg>
<arg>arg=value</arg>
<kw name="Log List" library="Collections">
<arg>${varargs}</arg>
<doc>Logs the length and contents of the ``list`` using given ``level``.</doc>
<msg timestamp="20240119 08:36:18.423" level="INFO">List has one item:
arg1</msg>
<status status="PASS" starttime="20240119 08:36:18.422" endtime="20240119 08:36:18.423"/>
</kw>
<kw name="Log" library="BuiltIn">
<arg>${arg}</arg>
<doc>Logs the given message with the given level.</doc>
<msg timestamp="20240119 08:36:18.423" level="INFO">value</msg>
<status status="PASS" starttime="20240119 08:36:18.423" endtime="20240119 08:36:18.423"/>
</kw>
<status status="PASS" starttime="20240119 08:36:18.422" endtime="20240119 08:36:18.423"/>
</kw>
<kw name="Default Teardown" library="keywords01" type="TEARDOWN">
<kw name="Log" library="BuiltIn">
<arg>Cleaning up!</arg>
<doc>Logs the given message with the given level.</doc>
<msg timestamp="20240119 08:36:18.424" level="INFO">Cleaning up!</msg>
<status status="PASS" starttime="20240119 08:36:18.423" endtime="20240119 08:36:18.424"/>
</kw>
<status status="PASS" starttime="20240119 08:36:18.423" endtime="20240119 08:36:18.424"/>
</kw>
<tag>suite01</tag>
<status status="PASS" starttime="20240119 08:36:18.418" endtime="20240119 08:36:18.424"/>
</test>
<test id="s1-t10" name="TestCase10" line="114">
<kw name="Default Setup" library="keywords01" type="SETUP">
<kw name="Log" library="BuiltIn">
<arg>Setting everything up!</arg>
<doc>Logs the given message with the given level.</doc>
<msg timestamp="20240119 08:36:18.426" level="INFO">Setting everything up!</msg>
<status status="PASS" starttime="20240119 08:36:18.426" endtime="20240119 08:36:18.426"/>
</kw>
<status status="PASS" starttime="20240119 08:36:18.426" endtime="20240119 08:36:18.426"/>
</kw>
<kw name="Keyword10">
<arg>arg1</arg>
<arg>arg=value</arg>
<kw name="Log List" library="Collections">
<arg>${varargs}</arg>
<doc>Logs the length and contents of the ``list`` using given ``level``.</doc>
<msg timestamp="20240119 08:36:18.427" level="INFO">List has one item:
arg1</msg>
<status status="PASS" starttime="20240119 08:36:18.427" endtime="20240119 08:36:18.427"/>
</kw>
<kw name="Log" library="BuiltIn">
<arg>${arg}</arg>
<doc>Logs the given message with the given level.</doc>
<msg timestamp="20240119 08:36:18.427" level="INFO">value</msg>
<status status="PASS" starttime="20240119 08:36:18.427" endtime="20240119 08:36:18.427"/>
</kw>
<status status="PASS" starttime="20240119 08:36:18.426" endtime="20240119 08:36:18.427"/>
</kw>
<kw name="Default Teardown" library="keywords01" type="TEARDOWN">
<kw name="Log" library="BuiltIn">
<arg>Cleaning up!</arg>
<doc>Logs the given message with the given level.</doc>
<msg timestamp="20240119 08:36:18.428" level="INFO">Cleaning up!</msg>
<status status="PASS" starttime="20240119 08:36:18.428" endtime="20240119 08:36:18.428"/>
</kw>
<status status="PASS" starttime="20240119 08:36:18.428" endtime="20240119 08:36:18.428"/>
</kw>
<tag>suite01</tag>
<status status="PASS" starttime="20240119 08:36:18.425" endtime="20240119 08:36:18.428"/>
</test>
<test id="s1-t11" name="TestCase11" line="117">
<kw name="Default Setup" library="keywords01" type="SETUP">
<kw name="Log" library="BuiltIn">
<arg>Setting everything up!</arg>
<doc>Logs the given message with the given level.</doc>
<msg timestamp="20240119 08:36:18.430" level="INFO">Setting everything up!</msg>
<status status="PASS" starttime="20240119 08:36:18.430" endtime="20240119 08:36:18.430"/>
</kw>
<status status="PASS" starttime="20240119 08:36:18.429" endtime="20240119 08:36:18.430"/>
</kw>
<kw name="Fail" library="BuiltIn">
<arg>Custom error message ...</arg>
<doc>Fails the test with the given message and optionally alters its tags.</doc>
<msg timestamp="20240119 08:36:18.430" level="FAIL">Custom error message ...</msg>
<status status="FAIL" starttime="20240119 08:36:18.430" endtime="20240119 08:36:18.430"/>
</kw>
<kw name="Default Teardown" library="keywords01" type="TEARDOWN">
<kw name="Log" library="BuiltIn">
<arg>Cleaning up!</arg>
<doc>Logs the given message with the given level.</doc>
<msg timestamp="20240119 08:36:18.431" level="INFO">Cleaning up!</msg>
<status status="PASS" starttime="20240119 08:36:18.431" endtime="20240119 08:36:18.431"/>
</kw>
<status status="PASS" starttime="20240119 08:36:18.431" endtime="20240119 08:36:18.431"/>
</kw>
<tag>suite01</tag>
<status status="FAIL" starttime="20240119 08:36:18.429" endtime="20240119 08:36:18.431">Custom error message ...</status>
</test>
<test id="s1-t12" name="TestCase12" line="121">
<kw name="Default Setup" library="keywords01" type="SETUP">
<kw name="Log" library="BuiltIn">
<arg>Setting everything up!</arg>
<doc>Logs the given message with the given level.</doc>
<msg timestamp="20240119 08:36:18.433" level="INFO">Setting everything up!</msg>
<status status="PASS" starttime="20240119 08:36:18.432" endtime="20240119 08:36:18.433"/>
</kw>
<status status="PASS" starttime="20240119 08:36:18.432" endtime="20240119 08:36:18.433"/>
</kw>
<kw name="Fail" library="BuiltIn">
<arg>*HTML* Custom error message...</arg>
<doc>Fails the test with the given message and optionally alters its tags.</doc>
<msg timestamp="20240119 08:36:18.433" level="FAIL" html="true">Custom error message...</msg>
<status status="FAIL" starttime="20240119 08:36:18.433" endtime="20240119 08:36:18.433"/>
</kw>
<kw name="Default Teardown" library="keywords01" type="TEARDOWN">
<kw name="Log" library="BuiltIn">
<arg>Cleaning up!</arg>
<doc>Logs the given message with the given level.</doc>
<msg timestamp="20240119 08:36:18.434" level="INFO">Cleaning up!</msg>
<status status="PASS" starttime="20240119 08:36:18.434" endtime="20240119 08:36:18.434"/>
</kw>
<status status="PASS" starttime="20240119 08:36:18.433" endtime="20240119 08:36:18.434"/>
</kw>
<tag>suite01</tag>
<status status="FAIL" starttime="20240119 08:36:18.432" endtime="20240119 08:36:18.434">*HTML* Custom error message...</status>
</test>
<test id="s1-t13" name="TestCase13" line="124">
<kw name="Default Setup" library="keywords01" type="SETUP">
<kw name="Log" library="BuiltIn">
<arg>Setting everything up!</arg>
<doc>Logs the given message with the given level.</doc>
<msg timestamp="20240119 08:36:18.436" level="INFO">Setting everything up!</msg>
<status status="PASS" starttime="20240119 08:36:18.435" endtime="20240119 08:36:18.436"/>
</kw>
<status status="PASS" starttime="20240119 08:36:18.435" endtime="20240119 08:36:18.436"/>
</kw>
<kw name="Log" library="BuiltIn">
<arg>${TEST_NAME}</arg>
<doc>Logs the given message with the given level.</doc>
<msg timestamp="20240119 08:36:18.436" level="INFO">TestCase13</msg>
<status status="PASS" starttime="20240119 08:36:18.436" endtime="20240119 08:36:18.436"/>
</kw>
<kw name="Keyword13">
<kw name="Log" library="BuiltIn">
<arg>${TEST_NAME}</arg>
<doc>Logs the given message with the given level.</doc>
<msg timestamp="20240119 08:36:18.436" level="INFO">TestCase13</msg>
<status status="PASS" starttime="20240119 08:36:18.436" endtime="20240119 08:36:18.436"/>
</kw>
<status status="PASS" starttime="20240119 08:36:18.436" endtime="20240119 08:36:18.437"/>
</kw>
<kw name="Default Teardown" library="keywords01" type="TEARDOWN">
<kw name="Log" library="BuiltIn">
<arg>Cleaning up!</arg>
<doc>Logs the given message with the given level.</doc>
<msg timestamp="20240119 08:36:18.437" level="INFO">Cleaning up!</msg>
<status status="PASS" starttime="20240119 08:36:18.437" endtime="20240119 08:36:18.437"/>
</kw>
<status status="PASS" starttime="20240119 08:36:18.437" endtime="20240119 08:36:18.437"/>
</kw>
<tag>suite01</tag>
<status status="PASS" starttime="20240119 08:36:18.435" endtime="20240119 08:36:18.437"/>
</test>
<test id="s1-t14" name="TestCase14" line="127">
<kw name="Default Setup" library="keywords01" type="SETUP">
<kw name="Log" library="BuiltIn">
<arg>Setting everything up!</arg>
<doc>Logs the given message with the given level.</doc>
<msg timestamp="20240119 08:36:18.438" level="INFO">Setting everything up!</msg>
<status status="PASS" starttime="20240119 08:36:18.438" endtime="20240119 08:36:18.438"/>
</kw>
<status status="PASS" starttime="20240119 08:36:18.438" endtime="20240119 08:36:18.438"/>
</kw>
<kw name="Log" library="BuiltIn">
<arg>Test with variable in its name!</arg>
<doc>Logs the given message with the given level.</doc>
<msg timestamp="20240119 08:36:18.439" level="INFO">Test with variable in its name!</msg>
<status status="PASS" starttime="20240119 08:36:18.439" endtime="20240119 08:36:18.439"/>
</kw>
<kw name="Default Teardown" library="keywords01" type="TEARDOWN">
<kw name="Log" library="BuiltIn">
<arg>Cleaning up!</arg>
<doc>Logs the given message with the given level.</doc>
<msg timestamp="20240119 08:36:18.439" level="INFO">Cleaning up!</msg>
<status status="PASS" starttime="20240119 08:36:18.439" endtime="20240119 08:36:18.439"/>
</kw>
<status status="PASS" starttime="20240119 08:36:18.439" endtime="20240119 08:36:18.439"/>
</kw>
<tag>suite01</tag>
<status status="PASS" starttime="20240119 08:36:18.438" endtime="20240119 08:36:18.439"/>
</test>
<test id="s1-t15" name="TestCase15" line="130">
<kw name="Default Setup" library="keywords01" type="SETUP">
<kw name="Log" library="BuiltIn">
<arg>Setting everything up!</arg>
<doc>Logs the given message with the given level.</doc>
<msg timestamp="20240119 08:36:18.441" level="INFO">Setting everything up!</msg>
<status status="PASS" starttime="20240119 08:36:18.441" endtime="20240119 08:36:18.441"/>
</kw>
<status status="PASS" starttime="20240119 08:36:18.440" endtime="20240119 08:36:18.441"/>
</kw>
<kw name="Prepare List" library="keywords01">
<var>@{locale list}</var>
<arg>item1</arg>
<arg>item2</arg>
<arg>item3</arg>
<doc>Creates new list and inserts specified elements!</doc>
<kw name="Create List" library="BuiltIn">
<var>@{list}</var>
<arg>@{items}</arg>
<doc>Returns a list containing given items.</doc>
<msg timestamp="20240119 08:36:18.442" level="INFO">@{list} = [ item1 | item2 | item3 ]</msg>
<status status="PASS" starttime="20240119 08:36:18.441" endtime="20240119 08:36:18.442"/>
</kw>
<return>
<value>${list}</value>
<status status="PASS" starttime="20240119 08:36:18.442" endtime="20240119 08:36:18.442"/>
</return>
<msg timestamp="20240119 08:36:18.442" level="INFO">@{locale list} = [ item1 | item2 | item3 ]</msg>
<status status="PASS" starttime="20240119 08:36:18.441" endtime="20240119 08:36:18.442"/>
</kw>
<kw name="Keyword15">
<arg>@{locale list}</arg>
<kw name="Log List" library="Collections">
<arg>${list}</arg>
<doc>Logs the length and contents of the ``list`` using given ``level``.</doc>
<msg timestamp="20240119 08:36:18.443" level="INFO">List length is 3 and it contains following items:
0: item1
1: item2
2: item3</msg>
<status status="PASS" starttime="20240119 08:36:18.443" endtime="20240119 08:36:18.443"/>
</kw>
<status status="PASS" starttime="20240119 08:36:18.443" endtime="20240119 08:36:18.443"/>
</kw>
<kw name="Keyword15">
<arg>item1</arg>
<arg>item2</arg>
<arg>item3</arg>
<kw name="Log List" library="Collections">
<arg>${list}</arg>
<doc>Logs the length and contents of the ``list`` using given ``level``.</doc>
<msg timestamp="20240119 08:36:18.444" level="INFO">List length is 3 and it contains following items:
0: item1
1: item2
2: item3</msg>
<status status="PASS" starttime="20240119 08:36:18.444" endtime="20240119 08:36:18.444"/>
</kw>
<status status="PASS" starttime="20240119 08:36:18.444" endtime="20240119 08:36:18.444"/>
</kw>
<kw name="Default Teardown" library="keywords01" type="TEARDOWN">
<kw name="Log" library="BuiltIn">
<arg>Cleaning up!</arg>
<doc>Logs the given message with the given level.</doc>
<msg timestamp="20240119 08:36:18.445" level="INFO">Cleaning up!</msg>
<status status="PASS" starttime="20240119 08:36:18.445" endtime="20240119 08:36:18.445"/>
</kw>
<status status="PASS" starttime="20240119 08:36:18.444" endtime="20240119 08:36:18.445"/>
</kw>
<tag>suite01</tag>
<status status="PASS" starttime="20240119 08:36:18.440" endtime="20240119 08:36:18.445"/>
</test>
<test id="s1-t16" name="TestCase16" line="138">
<kw name="Default Setup" library="keywords01" type="SETUP">
<kw name="Log" library="BuiltIn">
<arg>Setting everything up!</arg>
<doc>Logs the given message with the given level.</doc>
<msg timestamp="20240119 08:36:18.447" level="INFO">Setting everything up!</msg>
<status status="PASS" starttime="20240119 08:36:18.447" endtime="20240119 08:36:18.447"/>
</kw>
<status status="PASS" starttime="20240119 08:36:18.447" endtime="20240119 08:36:18.447"/>
</kw>
<kw name="Log" library="BuiltIn">
<arg>${cmd_var}</arg>
<doc>Logs the given message with the given level.</doc>
<msg timestamp="20240119 08:36:18.448" level="INFO">Value set from cmd!</msg>
<status status="PASS" starttime="20240119 08:36:18.448" endtime="20240119 08:36:18.448"/>
</kw>
<kw name="Default Teardown" library="keywords01" type="TEARDOWN">
<kw name="Log" library="BuiltIn">
<arg>Cleaning up!</arg>
<doc>Logs the given message with the given level.</doc>
<msg timestamp="20240119 08:36:18.448" level="INFO">Cleaning up!</msg>
<status status="PASS" starttime="20240119 08:36:18.448" endtime="20240119 08:36:18.448"/>
</kw>
<status status="PASS" starttime="20240119 08:36:18.448" endtime="20240119 08:36:18.449"/>
</kw>
<tag>suite01</tag>
<status status="PASS" starttime="20240119 08:36:18.446" endtime="20240119 08:36:18.449"/>
</test>
<test id="s1-t17" name="TestCase17" line="141">
<kw name="Default Setup" library="keywords01" type="SETUP">
<kw name="Log" library="BuiltIn">
<arg>Setting everything up!</arg>
<doc>Logs the given message with the given level.</doc>
<msg timestamp="20240119 08:36:18.451" level="INFO">Setting everything up!</msg>
<status status="PASS" starttime="20240119 08:36:18.451" endtime="20240119 08:36:18.451"/>
</kw>
<status status="PASS" starttime="20240119 08:36:18.450" endtime="20240119 08:36:18.451"/>
</kw>
<kw name="Keyword17 With Embedded (custom embedded value) Value" sourcename="Keyword17 With Embedded (${value}) Value">
<arg>argument value</arg>
<kw name="Log Many" library="BuiltIn">
<arg>${value}</arg>
<arg>${arg}</arg>
<doc>Logs the given messages as separate entries using the INFO level.</doc>
<msg timestamp="20240119 08:36:18.452" level="INFO">custom embedded value</msg>
<msg timestamp="20240119 08:36:18.452" level="INFO">argument value</msg>
<status status="PASS" starttime="20240119 08:36:18.452" endtime="20240119 08:36:18.452"/>
</kw>
<status status="PASS" starttime="20240119 08:36:18.452" endtime="20240119 08:36:18.452"/>
</kw>
<kw name="Default Teardown" library="keywords01" type="TEARDOWN">
<kw name="Log" library="BuiltIn">
<arg>Cleaning up!</arg>
<doc>Logs the given message with the given level.</doc>
<msg timestamp="20240119 08:36:18.453" level="INFO">Cleaning up!</msg>
<status status="PASS" starttime="20240119 08:36:18.453" endtime="20240119 08:36:18.453"/>
</kw>
<status status="PASS" starttime="20240119 08:36:18.453" endtime="20240119 08:36:18.453"/>
</kw>
<tag>suite01</tag>
<status status="PASS" starttime="20240119 08:36:18.450" endtime="20240119 08:36:18.454"/>
</test>
<kw name="Test Suite Teardown" library="keywords01" type="TEARDOWN">
<kw name="Log" library="BuiltIn">
<arg>Cleaning up after test suite!</arg>
<doc>Logs the given message with the given level.</doc>
<msg timestamp="20240119 08:36:18.456" level="INFO">Cleaning up after test suite!</msg>
<status status="PASS" starttime="20240119 08:36:18.455" endtime="20240119 08:36:18.456"/>
</kw>
<status status="PASS" starttime="20240119 08:36:18.455" endtime="20240119 08:36:18.456"/>
</kw>
<doc>My first .robot file!</doc>
<meta name="KEY">VALUE</meta>
<status status="FAIL" starttime="20240119 08:36:18.298" endtime="20240119 08:36:18.456"/>
</suite>
<statistics>
<total>
<stat pass="13" fail="4" skip="0">All Tests</stat>
</total>
<tag>
<stat pass="1" fail="1" skip="0">fail</stat>
<stat pass="1" fail="0" skip="0">success</stat>
<stat pass="11" fail="3" skip="0">suite01</stat>
</tag>
<suite>
<stat pass="13" fail="4" skip="0" id="s1" name="First Test Suite!">First Test Suite!</stat>
</suite>
</statistics>
<errors>
</errors>
</robot>
